[2026-04-21 01:00:13] [INFO] ==== post-slide.js =====
[2026-04-21 01:00:13] [INFO] [PPT PostToolUse Hook] 开始执行...
[2026-04-21 01:00:13] [INFO] [PPT PostToolUse Hook] CODEBUDDY_PLUGIN_ROOT: C:\Users\Administrator\.workbuddy\plugins\marketplaces\cb_teams_marketplace\plugins\ppt-implement
[2026-04-21 01:00:13] [INFO] [PPT PostToolUse Hook] CODEBUDDY_PROJECT_DIR: ${CODEBUDDY_PROJECT_DIR}
[2026-04-21 01:00:13] [DEBUG] [PPT PostToolUse Hook] stdin 数据: {"session_id":"1fdc089e56314f71b354f4bd825f3e7b","transcript_path":"C:\\Users\\Administrator\\AppData\\Local\\WorkBuddyExtension\\Data\\021ef063-d7f5-45fb-8a10-c686f5bfedb9\\VSCode\\021ef063-d7f5-45fb-8a10-c686f5bfedb9\\history\\fad5e94f07eb1b49c81e3c471843d099\\1fdc089e56314f71b354f4bd825f3e7b\\index.json","cwd":"C:\\Users\\Administrator\\AppData\\Local\\Programs\\WorkBuddy","hook_event_name":"PostToolUse","tool_name":"Write","tool_input":{"filePath":"c:\\Users\\Administrator\\WorkBuddy\\Claw\\.workbuddy\\memory\\2026-04-21.md","content":"#"},"tool_response":{"type":"write_to_file_result","path":"c:\\Users\\Administrator\\WorkBuddy\\Claw\\.workbuddy\\memory\\2026-04-21.md","oldContent":"","addLineCount":11,"removedLines":0,"bytesWritten":682,"addedChars":290,"removedChars":0,"isNewFile":true},"generation_id":"76d4d6a00e794391bce32c5758aba6ba","model":"auto","client":"VSCode","version":"4.10.1"}
[2026-04-21 01:00:14] [INFO] [PPT PostToolUse Hook] file_path: undefined
[2026-04-21 01:00:14] [INFO] [PPT PostToolUse Hook] file_path 无效，跳过
[2026-04-21 01:00:23] [INFO] ==== post-slide.js =====
[2026-04-21 01:00:23] [INFO] [PPT PostToolUse Hook] 开始执行...
[2026-04-21 01:00:23] [INFO] [PPT PostToolUse Hook] CODEBUDDY_PLUGIN_ROOT: C:\Users\Administrator\.workbuddy\plugins\marketplaces\cb_teams_marketplace\plugins\ppt-implement
[2026-04-21 01:00:23] [INFO] [PPT PostToolUse Hook] CODEBUDDY_PROJECT_DIR: ${CODEBUDDY_PROJECT_DIR}
[2026-04-21 01:00:23] [DEBUG] [PPT PostToolUse Hook] stdin 数据: {"session_id":"1fdc089e56314f71b354f4bd825f3e7b","transcript_path":"C:\\Users\\Administrator\\AppData\\Local\\WorkBuddyExtension\\Data\\021ef063-d7f5-45fb-8a10-c686f5bfedb9\\VSCode\\021ef063-d7f5-45fb-8a10-c686f5bfedb9\\history\\fad5e94f07eb1b49c81e3c471843d099\\1fdc089e56314f71b354f4bd825f3e7b\\index.json","cwd":"C:\\Users\\Administrator\\AppData\\Local\\Programs\\WorkBuddy","hook_event_name":"PostToolUse","tool_name":"Edit","tool_input":{"filePath":"c:\\Users\\Administrator\\WorkBuddy\\Claw\\.codebuddy\\automations\\ai\\memory.md","old_str":"#"},"tool_response":{"type":"replace_in_file_result","path":"c:\\Users\\Administrator\\WorkBuddy\\Claw\\.codebuddy\\automations\\ai\\memory.md","addLineCount":15,"removedLines":0,"addedChars":305,"removedChars":0,"matchCount":1,"hint":"File content was modified, if you want to replace more next time, please use the read_file tool to read the file content first"},"generation_id":"76d4d6a00e794391bce32c5758aba6ba","model":"auto","client":"VSCode","version":"4.10.1"}
[2026-04-21 01:00:24] [INFO] [PPT PostToolUse Hook] file_path: undefined
[2026-04-21 01:00:24] [INFO] [PPT PostToolUse Hook] file_path 无效，跳过
[2026-04-21 01:46:41] [INFO] ==== post-slide.js =====
[2026-04-21 01:46:41] [INFO] [PPT PostToolUse Hook] 开始执行...
[2026-04-21 01:46:41] [INFO] [PPT PostToolUse Hook] CODEBUDDY_PLUGIN_ROOT: C:\Users\Administrator\.workbuddy\plugins\marketplaces\cb_teams_marketplace\plugins\ppt-implement
[2026-04-21 01:46:41] [INFO] [PPT PostToolUse Hook] CODEBUDDY_PROJECT_DIR: ${CODEBUDDY_PROJECT_DIR}
[2026-04-21 01:46:41] [DEBUG] [PPT PostToolUse Hook] stdin 数据: {"session_id":"0583cc879553483c8ff6fb37bb26540f","transcript_path":"C:\\Users\\Administrator\\AppData\\Local\\WorkBuddyExtension\\Data\\021ef063-d7f5-45fb-8a10-c686f5bfedb9\\VSCode\\021ef063-d7f5-45fb-8a10-c686f5bfedb9\\history\\5c48bef478c6be530e79aaa0554c76c7\\0583cc879553483c8ff6fb37bb26540f\\index.json","cwd":"C:\\Users\\Administrator\\AppData\\Local\\Programs\\WorkBuddy","hook_event_name":"PostToolUse","tool_name":"TodoWrite","tool_input":{"merge":false,"todos":"[{\\\"id\\"},"tool_response":{"type":"todo_write_result","merge":false,"todos":[{"id":"1","status":"in_progress","content":"生成MIM模内攻牙完整设计方案文档（MD格式）"},{"id":"2","status":"pending","content":"检查/创建今日记忆文件并写入记录"},{"id":"3","status":"pending","content":"输出文件给用户"}],"message":"Created new todo list with 3 items"},"generation_id":"ebaa4349361d4db294bd3843713cac7c","model":"auto","client":"VSCode","version":"4.10.1"}
[2026-04-21 01:46:42] [INFO] [PPT PostToolUse Hook] file_path: undefined
[2026-04-21 01:46:42] [INFO] [PPT PostToolUse Hook] file_path 无效，跳过
[2026-04-21 01:48:08] [INFO] ==== post-slide.js =====
[2026-04-21 01:48:08] [INFO] [PPT PostToolUse Hook] 开始执行...
[2026-04-21 01:48:08] [INFO] [PPT PostToolUse Hook] CODEBUDDY_PLUGIN_ROOT: C:\Users\Administrator\.workbuddy\plugins\marketplaces\cb_teams_marketplace\plugins\ppt-implement
[2026-04-21 01:48:08] [INFO] [PPT PostToolUse Hook] CODEBUDDY_PROJECT_DIR: ${CODEBUDDY_PROJECT_DIR}
[2026-04-21 01:48:08] [DEBUG] [PPT PostToolUse Hook] stdin 数据: {"session_id":"0583cc879553483c8ff6fb37bb26540f","transcript_path":"C:\\Users\\Administrator\\AppData\\Local\\WorkBuddyExtension\\Data\\021ef063-d7f5-45fb-8a10-c686f5bfedb9\\VSCode\\021ef063-d7f5-45fb-8a10-c686f5bfedb9\\history\\5c48bef478c6be530e79aaa0554c76c7\\0583cc879553483c8ff6fb37bb26540f\\index.json","cwd":"C:\\Users\\Administrator\\AppData\\Local\\Programs\\WorkBuddy","hook_event_name":"PostToolUse","tool_name":"Write","tool_input":{"filePath":"c:/Users/Administrator/WorkBuddy/20260418144300/MIM模内攻牙设计方案_M2.5-17-4PH.md","content":"#"},"tool_response":{"type":"write_to_file_result","path":"c:/Users/Administrator/WorkBuddy/20260418144300/MIM模内攻牙设计方案_M2.5-17-4PH.md","oldContent":"","addLineCount":313,"removedLines":0,"bytesWritten":11895,"addedChars":6890,"removedChars":0,"isNewFile":true},"generation_id":"ebaa4349361d4db294bd3843713cac7c","model":"auto","client":"VSCode","version":"4.10.1"}
[2026-04-21 01:48:09] [INFO] [PPT PostToolUse Hook] file_path: undefined
[2026-04-21 01:48:09] [INFO] [PPT PostToolUse Hook] file_path 无效，跳过
[2026-04-21 01:48:14] [INFO] ==== post-slide.js =====
[2026-04-21 01:48:14] [INFO] [PPT PostToolUse Hook] 开始执行...
[2026-04-21 01:48:14] [INFO] [PPT PostToolUse Hook] CODEBUDDY_PLUGIN_ROOT: C:\Users\Administrator\.workbuddy\plugins\marketplaces\cb_teams_marketplace\plugins\ppt-implement
[2026-04-21 01:48:14] [INFO] [PPT PostToolUse Hook] CODEBUDDY_PROJECT_DIR: ${CODEBUDDY_PROJECT_DIR}
[2026-04-21 01:48:14] [DEBUG] [PPT PostToolUse Hook] stdin 数据: {"session_id":"0583cc879553483c8ff6fb37bb26540f","transcript_path":"C:\\Users\\Administrator\\AppData\\Local\\WorkBuddyExtension\\Data\\021ef063-d7f5-45fb-8a10-c686f5bfedb9\\VSCode\\021ef063-d7f5-45fb-8a10-c686f5bfedb9\\history\\5c48bef478c6be530e79aaa0554c76c7\\0583cc879553483c8ff6fb37bb26540f\\index.json","cwd":"C:\\Users\\Administrator\\AppData\\Local\\Programs\\WorkBuddy","hook_event_name":"PostToolUse","tool_name":"TodoWrite","tool_input":{"merge":true,"todos":""},"tool_response":{"type":"todo_write_result","merge":true,"todos":[{"id":"1","status":"completed","content":"生成MIM模内攻牙完整设计方案文档（MD格式）"},{"id":"2","status":"in_progress","content":"检查/创建今日记忆文件并写入记录"},{"id":"3","status":"pending","content":"输出文件给用户"}],"message":"Merged 3 todos with existing list"},"generation_id":"ebaa4349361d4db294bd3843713cac7c","model":"auto","client":"VSCode","version":"4.10.1"}
[2026-04-21 01:48:15] [INFO] [PPT PostToolUse Hook] file_path: undefined
[2026-04-21 01:48:15] [INFO] [PPT PostToolUse Hook] file_path 无效，跳过
[2026-04-21 01:48:29] [INFO] ==== post-slide.js =====
[2026-04-21 01:48:29] [INFO] [PPT PostToolUse Hook] 开始执行...
[2026-04-21 01:48:29] [INFO] [PPT PostToolUse Hook] CODEBUDDY_PLUGIN_ROOT: C:\Users\Administrator\.workbuddy\plugins\marketplaces\cb_teams_marketplace\plugins\ppt-implement
[2026-04-21 01:48:30] [INFO] [PPT PostToolUse Hook] CODEBUDDY_PROJECT_DIR: ${CODEBUDDY_PROJECT_DIR}
[2026-04-21 01:48:30] [DEBUG] [PPT PostToolUse Hook] stdin 数据: {"session_id":"0583cc879553483c8ff6fb37bb26540f","transcript_path":"C:\\Users\\Administrator\\AppData\\Local\\WorkBuddyExtension\\Data\\021ef063-d7f5-45fb-8a10-c686f5bfedb9\\VSCode\\021ef063-d7f5-45fb-8a10-c686f5bfedb9\\history\\5c48bef478c6be530e79aaa0554c76c7\\0583cc879553483c8ff6fb37bb26540f\\index.json","cwd":"C:\\Users\\Administrator\\AppData\\Local\\Programs\\WorkBuddy","hook_event_name":"PostToolUse","tool_name":"Write","tool_input":{"filePath":"c:/Users/Administrator/WorkBuddy/20260418144300/.workbuddy/memory/2026-04-21.md","content":""},"tool_response":{"type":"write_to_file_result","path":"c:/Users/Administrator/WorkBuddy/20260418144300/.workbuddy/memory/2026-04-21.md","oldContent":"","addLineCount":18,"removedLines":0,"bytesWritten":564,"addedChars":316,"removedChars":0,"isNewFile":true},"generation_id":"ebaa4349361d4db294bd3843713cac7c","model":"auto","client":"VSCode","version":"4.10.1"}
[2026-04-21 01:48:31] [INFO] [PPT PostToolUse Hook] file_path: undefined
[2026-04-21 01:48:31] [INFO] [PPT PostToolUse Hook] file_path 无效，跳过
[2026-04-21 01:48:34] [INFO] ==== post-slide.js =====
[2026-04-21 01:48:34] [INFO] [PPT PostToolUse Hook] 开始执行...
[2026-04-21 01:48:34] [INFO] [PPT PostToolUse Hook] CODEBUDDY_PLUGIN_ROOT: C:\Users\Administrator\.workbuddy\plugins\marketplaces\cb_teams_marketplace\plugins\ppt-implement
[2026-04-21 01:48:34] [INFO] [PPT PostToolUse Hook] CODEBUDDY_PROJECT_DIR: ${CODEBUDDY_PROJECT_DIR}
[2026-04-21 01:48:34] [DEBUG] [PPT PostToolUse Hook] stdin 数据: {"session_id":"0583cc879553483c8ff6fb37bb26540f","transcript_path":"C:\\Users\\Administrator\\AppData\\Local\\WorkBuddyExtension\\Data\\021ef063-d7f5-45fb-8a10-c686f5bfedb9\\VSCode\\021ef063-d7f5-45fb-8a10-c686f5bfedb9\\history\\5c48bef478c6be530e79aaa0554c76c7\\0583cc879553483c8ff6fb37bb26540f\\index.json","cwd":"C:\\Users\\Administrator\\AppData\\Local\\Programs\\WorkBuddy","hook_event_name":"PostToolUse","tool_name":"TodoWrite","tool_input":{"merge":true,"todos":""},"tool_response":{"type":"todo_write_result","merge":true,"todos":[{"id":"1","status":"completed","content":"生成MIM模内攻牙完整设计方案文档（MD格式）"},{"id":"2","status":"completed","content":"检查/创建今日记忆文件并写入记录"},{"id":"3","status":"completed","content":"输出文件给用户"}],"message":"Merged 3 todos with existing list"},"generation_id":"ebaa4349361d4db294bd3843713cac7c","model":"auto","client":"VSCode","version":"4.10.1"}
[2026-04-21 01:48:35] [INFO] [PPT PostToolUse Hook] file_path: undefined
[2026-04-21 01:48:35] [INFO] [PPT PostToolUse Hook] file_path 无效，跳过
[2026-04-21 01:49:25] [INFO] ==== post-slide.js =====
[2026-04-21 01:49:25] [INFO] [PPT PostToolUse Hook] 开始执行...
[2026-04-21 01:49:25] [INFO] [PPT PostToolUse Hook] CODEBUDDY_PLUGIN_ROOT: C:\Users\Administrator\.workbuddy\plugins\marketplaces\cb_teams_marketplace\plugins\ppt-implement
[2026-04-21 01:49:25] [INFO] [PPT PostToolUse Hook] CODEBUDDY_PROJECT_DIR: ${CODEBUDDY_PROJECT_DIR}
[2026-04-21 01:49:25] [DEBUG] [PPT PostToolUse Hook] stdin 数据: {"session_id":"0583cc879553483c8ff6fb37bb26540f","transcript_path":"C:\\Users\\Administrator\\AppData\\Local\\WorkBuddyExtension\\Data\\021ef063-d7f5-45fb-8a10-c686f5bfedb9\\VSCode\\021ef063-d7f5-45fb-8a10-c686f5bfedb9\\history\\5c48bef478c6be530e79aaa0554c76c7\\0583cc879553483c8ff6fb37bb26540f\\index.json","cwd":"C:\\Users\\Administrator\\AppData\\Local\\Programs\\WorkBuddy","hook_event_name":"PostToolUse","tool_name":"TodoWrite","tool_input":{"merge":false,"todos":""},"tool_response":{"type":"todo_write_result","merge":false,"todos":[{"id":"1","status":"in_progress","content":"生成螺纹型芯零件工程图纸（CAD标注规范）"},{"id":"2","status":"pending","content":"生成旋出机构三维结构示意图"},{"id":"3","status":"pending","content":"更新记忆文件"},{"id":"4","status":"pending","content":"输出文件给用户"}],"message":"Created new todo list with 4 items"},"generation_id":"ae2846d2fe664ca1843a97b9f4eb433e","model":"auto","client":"VSCode","version":"4.10.1"}
[2026-04-21 01:49:26] [INFO] [PPT PostToolUse Hook] file_path: undefined
[2026-04-21 01:49:26] [INFO] [PPT PostToolUse Hook] file_path 无效，跳过
[2026-04-21 01:50:44] [INFO] ==== post-slide.js =====
[2026-04-21 01:50:44] [INFO] [PPT PostToolUse Hook] 开始执行...
[2026-04-21 01:50:44] [INFO] [PPT PostToolUse Hook] CODEBUDDY_PLUGIN_ROOT: C:\Users\Administrator\.workbuddy\plugins\marketplaces\cb_teams_marketplace\plugins\ppt-implement
[2026-04-21 01:50:44] [INFO] [PPT PostToolUse Hook] CODEBUDDY_PROJECT_DIR: ${CODEBUDDY_PROJECT_DIR}
[2026-04-21 01:50:44] [DEBUG] [PPT PostToolUse Hook] stdin 数据: {"session_id":"0583cc879553483c8ff6fb37bb26540f","transcript_path":"C:\\Users\\Administrator\\AppData\\Local\\WorkBuddyExtension\\Data\\021ef063-d7f5-45fb-8a10-c686f5bfedb9\\VSCode\\021ef063-d7f5-45fb-8a10-c686f5bfedb9\\history\\5c48bef478c6be530e79aaa0554c76c7\\0583cc879553483c8ff6fb37bb26540f\\index.json","cwd":"C:\\Users\\Administrator\\AppData\\Local\\Programs\\WorkBuddy","hook_event_name":"PostToolUse","tool_name":"Write","tool_input":{"filePath":"c:/Users/Administrator/WorkBuddy/20260418144300/MIM螺纹型芯工程图纸_M2.5-17-4PH.md","content":""},"tool_response":{"type":"write_to_file_result","path":"c:/Users/Administrator/WorkBuddy/20260418144300/MIM螺纹型芯工程图纸_M2.5-17-4PH.md","oldContent":"","addLineCount":293,"removedLines":0,"bytesWritten":14415,"addedChars":9300,"removedChars":0,"isNewFile":true},"generation_id":"ae2846d2fe664ca1843a97b9f4eb433e","model":"auto","client":"VSCode","version":"4.10.1"}
[2026-04-21 01:50:45] [INFO] [PPT PostToolUse Hook] file_path: undefined
[2026-04-21 01:50:45] [INFO] [PPT PostToolUse Hook] file_path 无效，跳过
[2026-04-21 01:52:56] [INFO] ==== post-slide.js =====
[2026-04-21 01:52:56] [INFO] [PPT PostToolUse Hook] 开始执行...
[2026-04-21 01:52:56] [INFO] [PPT PostToolUse Hook] CODEBUDDY_PLUGIN_ROOT: C:\Users\Administrator\.workbuddy\plugins\marketplaces\cb_teams_marketplace\plugins\ppt-implement
[2026-04-21 01:52:56] [INFO] [PPT PostToolUse Hook] CODEBUDDY_PROJECT_DIR: ${CODEBUDDY_PROJECT_DIR}
[2026-04-21 01:52:56] [DEBUG] [PPT PostToolUse Hook] stdin 数据: {"session_id":"0583cc879553483c8ff6fb37bb26540f","transcript_path":"C:\\Users\\Administrator\\AppData\\Local\\WorkBuddyExtension\\Data\\021ef063-d7f5-45fb-8a10-c686f5bfedb9\\VSCode\\021ef063-d7f5-45fb-8a10-c686f5bfedb9\\history\\5c48bef478c6be530e79aaa0554c76c7\\0583cc879553483c8ff6fb37bb26540f\\index.json","cwd":"C:\\Users\\Administrator\\AppData\\Local\\Programs\\WorkBuddy","hook_event_name":"PostToolUse","tool_name":"Write","tool_input":{"filePath":"c:/Users/Administrator/WorkBuddy/20260418144300/MIM旋出机构三维结构图.md","content":""},"tool_response":{"type":"write_to_file_result","path":"c:/Users/Administrator/WorkBuddy/20260418144300/MIM旋出机构三维结构图.md","oldContent":"","addLineCount":398,"removedLines":0,"bytesWritten":24912,"addedChars":15751,"removedChars":0,"isNewFile":true},"generation_id":"ae2846d2fe664ca1843a97b9f4eb433e","model":"auto","client":"VSCode","version":"4.10.1"}
[2026-04-21 01:52:57] [INFO] [PPT PostToolUse Hook] file_path: undefined
[2026-04-21 01:52:57] [INFO] [PPT PostToolUse Hook] file_path 无效，跳过
[2026-04-21 01:53:01] [INFO] ==== post-slide.js =====
[2026-04-21 01:53:01] [INFO] [PPT PostToolUse Hook] 开始执行...
[2026-04-21 01:53:01] [INFO] [PPT PostToolUse Hook] CODEBUDDY_PLUGIN_ROOT: C:\Users\Administrator\.workbuddy\plugins\marketplaces\cb_teams_marketplace\plugins\ppt-implement
[2026-04-21 01:53:01] [INFO] [PPT PostToolUse Hook] CODEBUDDY_PROJECT_DIR: ${CODEBUDDY_PROJECT_DIR}
[2026-04-21 01:53:01] [DEBUG] [PPT PostToolUse Hook] stdin 数据: {"session_id":"0583cc879553483c8ff6fb37bb26540f","transcript_path":"C:\\Users\\Administrator\\AppData\\Local\\WorkBuddyExtension\\Data\\021ef063-d7f5-45fb-8a10-c686f5bfedb9\\VSCode\\021ef063-d7f5-45fb-8a10-c686f5bfedb9\\history\\5c48bef478c6be530e79aaa0554c76c7\\0583cc879553483c8ff6fb37bb26540f\\index.json","cwd":"C:\\Users\\Administrator\\AppData\\Local\\Programs\\WorkBuddy","hook_event_name":"PostToolUse","tool_name":"TodoWrite","tool_input":{"merge":true,"todos":""},"tool_response":{"type":"todo_write_result","merge":true,"todos":[{"id":"1","status":"completed","content":"生成螺纹型芯零件工程图纸（CAD标注规范）"},{"id":"2","status":"completed","content":"生成旋出机构三维结构示意图"},{"id":"3","status":"in_progress","content":"更新记忆文件"},{"id":"4","status":"pending","content":"输出文件给用户"}],"message":"Merged 4 todos with existing list"},"generation_id":"ae2846d2fe664ca1843a97b9f4eb433e","model":"auto","client":"VSCode","version":"4.10.1"}
[2026-04-21 01:53:02] [INFO] [PPT PostToolUse Hook] file_path: undefined
[2026-04-21 01:53:02] [INFO] [PPT PostToolUse Hook] file_path 无效，跳过
[2026-04-21 01:53:16] [INFO] ==== post-slide.js =====
[2026-04-21 01:53:16] [INFO] [PPT PostToolUse Hook] 开始执行...
[2026-04-21 01:53:16] [INFO] [PPT PostToolUse Hook] CODEBUDDY_PLUGIN_ROOT: C:\Users\Administrator\.workbuddy\plugins\marketplaces\cb_teams_marketplace\plugins\ppt-implement
[2026-04-21 01:53:16] [INFO] [PPT PostToolUse Hook] CODEBUDDY_PROJECT_DIR: ${CODEBUDDY_PROJECT_DIR}
[2026-04-21 01:53:16] [DEBUG] [PPT PostToolUse Hook] stdin 数据: {"session_id":"0583cc879553483c8ff6fb37bb26540f","transcript_path":"C:\\Users\\Administrator\\AppData\\Local\\WorkBuddyExtension\\Data\\021ef063-d7f5-45fb-8a10-c686f5bfedb9\\VSCode\\021ef063-d7f5-45fb-8a10-c686f5bfedb9\\history\\5c48bef478c6be530e79aaa0554c76c7\\0583cc879553483c8ff6fb37bb26540f\\index.json","cwd":"C:\\Users\\Administrator\\AppData\\Local\\Programs\\WorkBuddy","hook_event_name":"PostToolUse","tool_name":"Edit","tool_input":{"filePath":"c:/Users/Administrator/WorkBuddy/20260418144300/.workbuddy/memory/2026-04-21.md","old_str":"#"},"tool_response":{"type":"replace_in_file_result","path":"c:\\Users\\Administrator\\WorkBuddy\\20260418144300\\.workbuddy\\memory\\2026-04-21.md","addLineCount":8,"removedLines":1,"addedChars":174,"removedChars":25,"matchCount":1,"hint":"File content was modified, if you want to replace more next time, please use the read_file tool to read the file content first"},"generation_id":"ae2846d2fe664ca1843a97b9f4eb433e","model":"auto","client":"VSCode","version":"4.10.1"}
[2026-04-21 01:53:17] [INFO] [PPT PostToolUse Hook] file_path: undefined
[2026-04-21 01:53:17] [INFO] [PPT PostToolUse Hook] file_path 无效，跳过
[2026-04-21 01:53:21] [INFO] ==== post-slide.js =====
[2026-04-21 01:53:21] [INFO] [PPT PostToolUse Hook] 开始执行...
[2026-04-21 01:53:21] [INFO] [PPT PostToolUse Hook] CODEBUDDY_PLUGIN_ROOT: C:\Users\Administrator\.workbuddy\plugins\marketplaces\cb_teams_marketplace\plugins\ppt-implement
[2026-04-21 01:53:21] [INFO] [PPT PostToolUse Hook] CODEBUDDY_PROJECT_DIR: ${CODEBUDDY_PROJECT_DIR}
[2026-04-21 01:53:21] [DEBUG] [PPT PostToolUse Hook] stdin 数据: {"session_id":"0583cc879553483c8ff6fb37bb26540f","transcript_path":"C:\\Users\\Administrator\\AppData\\Local\\WorkBuddyExtension\\Data\\021ef063-d7f5-45fb-8a10-c686f5bfedb9\\VSCode\\021ef063-d7f5-45fb-8a10-c686f5bfedb9\\history\\5c48bef478c6be530e79aaa0554c76c7\\0583cc879553483c8ff6fb37bb26540f\\index.json","cwd":"C:\\Users\\Administrator\\AppData\\Local\\Programs\\WorkBuddy","hook_event_name":"PostToolUse","tool_name":"TodoWrite","tool_input":{"merge":true,"todos":""},"tool_response":{"type":"todo_write_result","merge":true,"todos":[{"id":"1","status":"completed","content":"生成螺纹型芯零件工程图纸（CAD标注规范）"},{"id":"2","status":"completed","content":"生成旋出机构三维结构示意图"},{"id":"3","status":"completed","content":"更新记忆文件"},{"id":"4","status":"completed","content":"输出文件给用户"}],"message":"Merged 4 todos with existing list"},"generation_id":"ae2846d2fe664ca1843a97b9f4eb433e","model":"auto","client":"VSCode","version":"4.10.1"}
[2026-04-21 01:53:22] [INFO] [PPT PostToolUse Hook] file_path: undefined
[2026-04-21 01:53:22] [INFO] [PPT PostToolUse Hook] file_path 无效，跳过
[2026-04-21 02:02:19] [INFO] ==== post-slide.js =====
[2026-04-21 02:02:19] [INFO] [PPT PostToolUse Hook] 开始执行...
[2026-04-21 02:02:19] [INFO] [PPT PostToolUse Hook] CODEBUDDY_PLUGIN_ROOT: C:\Users\Administrator\.workbuddy\plugins\marketplaces\cb_teams_marketplace\plugins\ppt-implement
[2026-04-21 02:02:19] [INFO] [PPT PostToolUse Hook] CODEBUDDY_PROJECT_DIR: ${CODEBUDDY_PROJECT_DIR}
[2026-04-21 02:02:19] [DEBUG] [PPT PostToolUse Hook] stdin 数据: {"session_id":"0583cc879553483c8ff6fb37bb26540f","transcript_path":"C:\\Users\\Administrator\\AppData\\Local\\WorkBuddyExtension\\Data\\021ef063-d7f5-45fb-8a10-c686f5bfedb9\\VSCode\\021ef063-d7f5-45fb-8a10-c686f5bfedb9\\history\\5c48bef478c6be530e79aaa0554c76c7\\0583cc879553483c8ff6fb37bb26540f\\index.json","cwd":"C:\\Users\\Administrator\\AppData\\Local\\Programs\\WorkBuddy","hook_event_name":"PostToolUse","tool_name":"TodoWrite","tool_input":{"merge":false,"todos":""},"tool_response":{"type":"todo_write_result","merge":false,"todos":[{"id":"1","status":"in_progress","content":"使用CAD生成螺纹型芯零件工程图（DWG/DXF格式）"},{"id":"2","status":"pending","content":"使用CAD生成旋出机构装配图"},{"id":"3","status":"pending","content":"更新记忆文件"},{"id":"4","status":"pending","content":"输出CAD文件给用户"}],"message":"Created new todo list with 4 items"},"generation_id":"09d5d8329fa74f3e8e0f027ce401a5e9","model":"auto","client":"VSCode","version":"4.10.1"}
[2026-04-21 02:02:20] [INFO] [PPT PostToolUse Hook] file_path: undefined
[2026-04-21 02:02:20] [INFO] [PPT PostToolUse Hook] file_path 无效，跳过
[2026-04-21 02:04:10] [INFO] ==== post-slide.js =====
[2026-04-21 02:04:10] [INFO] [PPT PostToolUse Hook] 开始执行...
[2026-04-21 02:04:10] [INFO] [PPT PostToolUse Hook] CODEBUDDY_PLUGIN_ROOT: C:\Users\Administrator\.workbuddy\plugins\marketplaces\cb_teams_marketplace\plugins\ppt-implement
[2026-04-21 02:04:10] [INFO] [PPT PostToolUse Hook] CODEBUDDY_PROJECT_DIR: ${CODEBUDDY_PROJECT_DIR}
[2026-04-21 02:04:10] [DEBUG] [PPT PostToolUse Hook] stdin 数据: {"session_id":"0583cc879553483c8ff6fb37bb26540f","transcript_path":"C:\\Users\\Administrator\\AppData\\Local\\WorkBuddyExtension\\Data\\021ef063-d7f5-45fb-8a10-c686f5bfedb9\\VSCode\\021ef063-d7f5-45fb-8a10-c686f5bfedb9\\history\\5c48bef478c6be530e79aaa0554c76c7\\0583cc879553483c8ff6fb37bb26540f\\index.json","cwd":"C:\\Users\\Administrator\\AppData\\Local\\Programs\\WorkBuddy","hook_event_name":"PostToolUse","tool_name":"Write","tool_input":{"filePath":"c:/Users/Administrator/WorkBuddy/20260418144300/cad_drawings/MIM_TAP_M2.5_螺纹型芯.dwg.py","content":""},"tool_response":{"type":"write_to_file_result","path":"c:/Users/Administrator/WorkBuddy/20260418144300/cad_drawings/MIM_TAP_M2.5_螺纹型芯.dwg.py","oldContent":"","addLineCount":409,"removedLines":0,"bytesWritten":13090,"addedChars":11895,"removedChars":0,"isNewFile":true,"createdDirectories":["c:/Users/Administrator/WorkBuddy/20260418144300/cad_drawings"]},"generation_id":"09d5d8329fa74f3e8e0f027ce401a5e9","model":"auto","client":"VSCode","version":"4.10.1"}
[2026-04-21 02:04:11] [INFO] [PPT PostToolUse Hook] file_path: undefined
[2026-04-21 02:04:11] [INFO] [PPT PostToolUse Hook] file_path 无效，跳过
[2026-04-21 02:06:43] [INFO] ==== post-slide.js =====
[2026-04-21 02:06:43] [INFO] [PPT PostToolUse Hook] 开始执行...
[2026-04-21 02:06:43] [INFO] [PPT PostToolUse Hook] CODEBUDDY_PLUGIN_ROOT: C:\Users\Administrator\.workbuddy\plugins\marketplaces\cb_teams_marketplace\plugins\ppt-implement
[2026-04-21 02:06:43] [INFO] [PPT PostToolUse Hook] CODEBUDDY_PROJECT_DIR: ${CODEBUDDY_PROJECT_DIR}
[2026-04-21 02:06:43] [DEBUG] [PPT PostToolUse Hook] stdin 数据: {"session_id":"0583cc879553483c8ff6fb37bb26540f","transcript_path":"C:\\Users\\Administrator\\AppData\\Local\\WorkBuddyExtension\\Data\\021ef063-d7f5-45fb-8a10-c686f5bfedb9\\VSCode\\021ef063-d7f5-45fb-8a10-c686f5bfedb9\\history\\5c48bef478c6be530e79aaa0554c76c7\\0583cc879553483c8ff6fb37bb26540f\\index.json","cwd":"C:\\Users\\Administrator\\AppData\\Local\\Programs\\WorkBuddy","hook_event_name":"PostToolUse","tool_name":"Write","tool_input":{"filePath":"c:/Users/Administrator/WorkBuddy/20260418144300/cad_drawings/MIM_旋出机构装配图.dwg.py","content":""},"tool_response":{"type":"write_to_file_result","path":"c:/Users/Administrator/WorkBuddy/20260418144300/cad_drawings/MIM_旋出机构装配图.dwg.py","oldContent":"","addLineCount":496,"removedLines":0,"bytesWritten":15802,"addedChars":14558,"removedChars":0,"isNewFile":true},"generation_id":"09d5d8329fa74f3e8e0f027ce401a5e9","model":"auto","client":"VSCode","version":"4.10.1"}
[2026-04-21 02:06:44] [INFO] [PPT PostToolUse Hook] file_path: undefined
[2026-04-21 02:06:44] [INFO] [PPT PostToolUse Hook] file_path 无效，跳过
[2026-04-21 02:08:34] [INFO] ==== post-slide.js =====
[2026-04-21 02:08:34] [INFO] [PPT PostToolUse Hook] 开始执行...
[2026-04-21 02:08:34] [INFO] [PPT PostToolUse Hook] CODEBUDDY_PLUGIN_ROOT: C:\Users\Administrator\.workbuddy\plugins\marketplaces\cb_teams_marketplace\plugins\ppt-implement
[2026-04-21 02:08:34] [INFO] [PPT PostToolUse Hook] CODEBUDDY_PROJECT_DIR: ${CODEBUDDY_PROJECT_DIR}
[2026-04-21 02:08:34] [DEBUG] [PPT PostToolUse Hook] stdin 数据: {"session_id":"0583cc879553483c8ff6fb37bb26540f","transcript_path":"C:\\Users\\Administrator\\AppData\\Local\\WorkBuddyExtension\\Data\\021ef063-d7f5-45fb-8a10-c686f5bfedb9\\VSCode\\021ef063-d7f5-45fb-8a10-c686f5bfedb9\\history\\5c48bef478c6be530e79aaa0554c76c7\\0583cc879553483c8ff6fb37bb26540f\\index.json","cwd":"C:\\Users\\Administrator\\AppData\\Local\\Programs\\WorkBuddy","hook_event_name":"PostToolUse","tool_name":"Write","tool_input":{"filePath":"c:/Users/Administrator/WorkBuddy/20260418144300/cad_drawings/螺纹型芯_CAD绘制步骤.md","content":"#"},"tool_response":{"type":"write_to_file_result","path":"c:/Users/Administrator/WorkBuddy/20260418144300/cad_drawings/螺纹型芯_CAD绘制步骤.md","oldContent":"","addLineCount":392,"removedLines":0,"bytesWritten":7825,"addedChars":5024,"removedChars":0,"isNewFile":true},"generation_id":"09d5d8329fa74f3e8e0f027ce401a5e9","model":"auto","client":"VSCode","version":"4.10.1"}
[2026-04-21 02:08:35] [INFO] [PPT PostToolUse Hook] file_path: undefined
[2026-04-21 02:08:35] [INFO] [PPT PostToolUse Hook] file_path 无效，跳过
[2026-04-21 02:10:27] [INFO] ==== post-slide.js =====
[2026-04-21 02:10:27] [INFO] [PPT PostToolUse Hook] 开始执行...
[2026-04-21 02:10:27] [INFO] [PPT PostToolUse Hook] CODEBUDDY_PLUGIN_ROOT: C:\Users\Administrator\.workbuddy\plugins\marketplaces\cb_teams_marketplace\plugins\ppt-implement
[2026-04-21 02:10:27] [INFO] [PPT PostToolUse Hook] CODEBUDDY_PROJECT_DIR: ${CODEBUDDY_PROJECT_DIR}
[2026-04-21 02:10:27] [DEBUG] [PPT PostToolUse Hook] stdin 数据: {"session_id":"0583cc879553483c8ff6fb37bb26540f","transcript_path":"C:\\Users\\Administrator\\AppData\\Local\\WorkBuddyExtension\\Data\\021ef063-d7f5-45fb-8a10-c686f5bfedb9\\VSCode\\021ef063-d7f5-45fb-8a10-c686f5bfedb9\\history\\5c48bef478c6be530e79aaa0554c76c7\\0583cc879553483c8ff6fb37bb26540f\\index.json","cwd":"C:\\Users\\Administrator\\AppData\\Local\\Programs\\WorkBuddy","hook_event_name":"PostToolUse","tool_name":"Write","tool_input":{"filePath":"c:/Users/Administrator/WorkBuddy/20260418144300/cad_drawings/旋出机构_CAD绘制步骤.md","content":""},"tool_response":{"type":"write_to_file_result","path":"c:/Users/Administrator/WorkBuddy/20260418144300/cad_drawings/旋出机构_CAD绘制步骤.md","oldContent":"","addLineCount":620,"removedLines":0,"bytesWritten":10113,"addedChars":6704,"removedChars":0,"isNewFile":true},"generation_id":"09d5d8329fa74f3e8e0f027ce401a5e9","model":"auto","client":"VSCode","version":"4.10.1"}
[2026-04-21 02:10:28] [INFO] [PPT PostToolUse Hook] file_path: undefined
[2026-04-21 02:10:28] [INFO] [PPT PostToolUse Hook] file_path 无效，跳过
[2026-04-21 02:10:34] [INFO] ==== post-slide.js =====
[2026-04-21 02:10:34] [INFO] [PPT PostToolUse Hook] 开始执行...
[2026-04-21 02:10:34] [INFO] [PPT PostToolUse Hook] CODEBUDDY_PLUGIN_ROOT: C:\Users\Administrator\.workbuddy\plugins\marketplaces\cb_teams_marketplace\plugins\ppt-implement
[2026-04-21 02:10:34] [INFO] [PPT PostToolUse Hook] CODEBUDDY_PROJECT_DIR: ${CODEBUDDY_PROJECT_DIR}
[2026-04-21 02:10:34] [DEBUG] [PPT PostToolUse Hook] stdin 数据: {"session_id":"0583cc879553483c8ff6fb37bb26540f","transcript_path":"C:\\Users\\Administrator\\AppData\\Local\\WorkBuddyExtension\\Data\\021ef063-d7f5-45fb-8a10-c686f5bfedb9\\VSCode\\021ef063-d7f5-45fb-8a10-c686f5bfedb9\\history\\5c48bef478c6be530e79aaa0554c76c7\\0583cc879553483c8ff6fb37bb26540f\\index.json","cwd":"C:\\Users\\Administrator\\AppData\\Local\\Programs\\WorkBuddy","hook_event_name":"PostToolUse","tool_name":"TodoWrite","tool_input":{"merge":true,"todos":""},"tool_response":{"type":"todo_write_result","merge":true,"todos":[{"id":"1","status":"completed","content":"生成螺纹型芯零件工程图（CAD绘制步骤文档）"},{"id":"2","status":"completed","content":"生成旋出机构装配图（CAD绘制步骤文档）"},{"id":"3","status":"in_progress","content":"更新记忆文件"},{"id":"4","status":"pending","content":"输出文件给用户"}],"message":"Merged 4 todos with existing list"},"generation_id":"09d5d8329fa74f3e8e0f027ce401a5e9","model":"auto","client":"VSCode","version":"4.10.1"}
[2026-04-21 02:10:35] [INFO] [PPT PostToolUse Hook] file_path: undefined
[2026-04-21 02:10:35] [INFO] [PPT PostToolUse Hook] file_path 无效，跳过
[2026-04-21 02:10:46] [INFO] ==== post-slide.js =====
[2026-04-21 02:10:46] [INFO] [PPT PostToolUse Hook] 开始执行...
[2026-04-21 02:10:46] [INFO] [PPT PostToolUse Hook] CODEBUDDY_PLUGIN_ROOT: C:\Users\Administrator\.workbuddy\plugins\marketplaces\cb_teams_marketplace\plugins\ppt-implement
[2026-04-21 02:10:46] [INFO] [PPT PostToolUse Hook] CODEBUDDY_PROJECT_DIR: ${CODEBUDDY_PROJECT_DIR}
[2026-04-21 02:10:46] [DEBUG] [PPT PostToolUse Hook] stdin 数据: {"session_id":"0583cc879553483c8ff6fb37bb26540f","transcript_path":"C:\\Users\\Administrator\\AppData\\Local\\WorkBuddyExtension\\Data\\021ef063-d7f5-45fb-8a10-c686f5bfedb9\\VSCode\\021ef063-d7f5-45fb-8a10-c686f5bfedb9\\history\\5c48bef478c6be530e79aaa0554c76c7\\0583cc879553483c8ff6fb37bb26540f\\index.json","cwd":"C:\\Users\\Administrator\\AppData\\Local\\Programs\\WorkBuddy","hook_event_name":"PostToolUse","tool_name":"Edit","tool_input":{"filePath":"c:/Users/Administrator/WorkBuddy/20260418144300/.workbuddy/memory/2026-04-21.md","old_str":"###"},"tool_response":{"type":"replace_in_file_result","path":"c:\\Users\\Administrator\\WorkBuddy\\20260418144300\\.workbuddy\\memory\\2026-04-21.md","addLineCount":8,"removedLines":1,"addedChars":188,"removedChars":25,"matchCount":1,"hint":"File content was modified, if you want to replace more next time, please use the read_file tool to read the file content first"},"generation_id":"09d5d8329fa74f3e8e0f027ce401a5e9","model":"auto","client":"VSCode","version":"4.10.1"}
[2026-04-21 02:10:47] [INFO] [PPT PostToolUse Hook] file_path: undefined
[2026-04-21 02:10:47] [INFO] [PPT PostToolUse Hook] file_path 无效，跳过
[2026-04-21 02:10:52] [INFO] ==== post-slide.js =====
[2026-04-21 02:10:52] [INFO] [PPT PostToolUse Hook] 开始执行...
[2026-04-21 02:10:52] [INFO] [PPT PostToolUse Hook] CODEBUDDY_PLUGIN_ROOT: C:\Users\Administrator\.workbuddy\plugins\marketplaces\cb_teams_marketplace\plugins\ppt-implement
[2026-04-21 02:10:52] [INFO] [PPT PostToolUse Hook] CODEBUDDY_PROJECT_DIR: ${CODEBUDDY_PROJECT_DIR}
[2026-04-21 02:10:52] [DEBUG] [PPT PostToolUse Hook] stdin 数据: {"session_id":"0583cc879553483c8ff6fb37bb26540f","transcript_path":"C:\\Users\\Administrator\\AppData\\Local\\WorkBuddyExtension\\Data\\021ef063-d7f5-45fb-8a10-c686f5bfedb9\\VSCode\\021ef063-d7f5-45fb-8a10-c686f5bfedb9\\history\\5c48bef478c6be530e79aaa0554c76c7\\0583cc879553483c8ff6fb37bb26540f\\index.json","cwd":"C:\\Users\\Administrator\\AppData\\Local\\Programs\\WorkBuddy","hook_event_name":"PostToolUse","tool_name":"TodoWrite","tool_input":{"merge":true,"todos":""},"tool_response":{"type":"todo_write_result","merge":true,"todos":[{"id":"1","status":"completed","content":"生成螺纹型芯零件工程图（CAD绘制步骤文档）"},{"id":"2","status":"completed","content":"生成旋出机构装配图（CAD绘制步骤文档）"},{"id":"3","status":"completed","content":"更新记忆文件"},{"id":"4","status":"completed","content":"输出文件给用户"}],"message":"Merged 4 todos with existing list"},"generation_id":"09d5d8329fa74f3e8e0f027ce401a5e9","model":"auto","client":"VSCode","version":"4.10.1"}
[2026-04-21 02:10:53] [INFO] [PPT PostToolUse Hook] file_path: undefined
[2026-04-21 02:10:53] [INFO] [PPT PostToolUse Hook] file_path 无效，跳过
[2026-04-21 02:23:21] [INFO] ==== post-slide.js =====
[2026-04-21 02:23:21] [INFO] [PPT PostToolUse Hook] 开始执行...
[2026-04-21 02:23:21] [INFO] [PPT PostToolUse Hook] CODEBUDDY_PLUGIN_ROOT: C:\Users\Administrator\.workbuddy\plugins\marketplaces\cb_teams_marketplace\plugins\ppt-implement
[2026-04-21 02:23:21] [INFO] [PPT PostToolUse Hook] CODEBUDDY_PROJECT_DIR: ${CODEBUDDY_PROJECT_DIR}
[2026-04-21 02:23:21] [DEBUG] [PPT PostToolUse Hook] stdin 数据: {"session_id":"0583cc879553483c8ff6fb37bb26540f","transcript_path":"C:\\Users\\Administrator\\AppData\\Local\\WorkBuddyExtension\\Data\\021ef063-d7f5-45fb-8a10-c686f5bfedb9\\VSCode\\021ef063-d7f5-45fb-8a10-c686f5bfedb9\\history\\5c48bef478c6be530e79aaa0554c76c7\\0583cc879553483c8ff6fb37bb26540f\\index.json","cwd":"C:\\Users\\Administrator\\AppData\\Local\\Programs\\WorkBuddy","hook_event_name":"PostToolUse","tool_name":"TodoWrite","tool_input":{"merge":false,"todos":""},"tool_response":{"type":"todo_write_result","merge":false,"todos":[{"id":"1","status":"in_progress","content":"安装Python环境"},{"id":"2","status":"pending","content":"安装ezdxf库"},{"id":"3","status":"pending","content":"运行脚本生成DXF文件"},{"id":"4","status":"pending","content":"验证DXF文件并输出"}],"message":"Created new todo list with 4 items"},"generation_id":"e1733330aab04bfcbce64e05c9c50835","model":"auto","client":"VSCode","version":"4.10.1"}
[2026-04-21 02:23:22] [INFO] [PPT PostToolUse Hook] file_path: undefined
[2026-04-21 02:23:22] [INFO] [PPT PostToolUse Hook] file_path 无效，跳过
[2026-04-21 02:34:44] [INFO] ==== post-slide.js =====
[2026-04-21 02:34:44] [INFO] [PPT PostToolUse Hook] 开始执行...
[2026-04-21 02:34:44] [INFO] [PPT PostToolUse Hook] CODEBUDDY_PLUGIN_ROOT: C:\Users\Administrator\.workbuddy\plugins\marketplaces\cb_teams_marketplace\plugins\ppt-implement
[2026-04-21 02:34:44] [INFO] [PPT PostToolUse Hook] CODEBUDDY_PROJECT_DIR: ${CODEBUDDY_PROJECT_DIR}
[2026-04-21 02:34:44] [DEBUG] [PPT PostToolUse Hook] stdin 数据: {"session_id":"0583cc879553483c8ff6fb37bb26540f","transcript_path":"C:\\Users\\Administrator\\AppData\\Local\\WorkBuddyExtension\\Data\\021ef063-d7f5-45fb-8a10-c686f5bfedb9\\VSCode\\021ef063-d7f5-45fb-8a10-c686f5bfedb9\\history\\5c48bef478c6be530e79aaa0554c76c7\\0583cc879553483c8ff6fb37bb26540f\\index.json","cwd":"C:\\Users\\Administrator\\AppData\\Local\\Programs\\WorkBuddy","hook_event_name":"PostToolUse","tool_name":"TodoWrite","tool_input":{"merge":true,"todos":""},"tool_response":{"type":"todo_write_result","merge":true,"todos":[{"id":"1","status":"completed","content":"安装Python环境"},{"id":"2","status":"in_progress","content":"安装ezdxf库"},{"id":"3","status":"pending","content":"运行脚本生成DXF文件"},{"id":"4","status":"pending","content":"验证DXF文件并输出"}],"message":"Merged 4 todos with existing list"},"generation_id":"e1733330aab04bfcbce64e05c9c50835","model":"auto","client":"VSCode","version":"4.10.1"}
[2026-04-21 02:34:45] [INFO] [PPT PostToolUse Hook] file_path: undefined
[2026-04-21 02:34:45] [INFO] [PPT PostToolUse Hook] file_path 无效，跳过
[2026-04-21 02:38:33] [INFO] ==== post-slide.js =====
[2026-04-21 02:38:33] [INFO] [PPT PostToolUse Hook] 开始执行...
[2026-04-21 02:38:33] [INFO] [PPT PostToolUse Hook] CODEBUDDY_PLUGIN_ROOT: C:\Users\Administrator\.workbuddy\plugins\marketplaces\cb_teams_marketplace\plugins\ppt-implement
[2026-04-21 02:38:33] [INFO] [PPT PostToolUse Hook] CODEBUDDY_PROJECT_DIR: ${CODEBUDDY_PROJECT_DIR}
[2026-04-21 02:38:33] [DEBUG] [PPT PostToolUse Hook] stdin 数据: {"session_id":"0583cc879553483c8ff6fb37bb26540f","transcript_path":"C:\\Users\\Administrator\\AppData\\Local\\WorkBuddyExtension\\Data\\021ef063-d7f5-45fb-8a10-c686f5bfedb9\\VSCode\\021ef063-d7f5-45fb-8a10-c686f5bfedb9\\history\\5c48bef478c6be530e79aaa0554c76c7\\0583cc879553483c8ff6fb37bb26540f\\index.json","cwd":"C:\\Users\\Administrator\\AppData\\Local\\Programs\\WorkBuddy","hook_event_name":"PostToolUse","tool_name":"TodoWrite","tool_input":{"merge":true,"todos":""},"tool_response":{"type":"todo_write_result","merge":true,"todos":[{"id":"1","status":"completed","content":"安装Python环境"},{"id":"2","status":"completed","content":"安装ezdxf库"},{"id":"3","status":"in_progress","content":"运行脚本生成DXF文件"},{"id":"4","status":"pending","content":"验证DXF文件并输出"}],"message":"Merged 4 todos with existing list"},"generation_id":"e1733330aab04bfcbce64e05c9c50835","model":"auto","client":"VSCode","version":"4.10.1"}
[2026-04-21 02:38:34] [INFO] [PPT PostToolUse Hook] file_path: undefined
[2026-04-21 02:38:34] [INFO] [PPT PostToolUse Hook] file_path 无效，跳过
[2026-04-21 02:38:49] [INFO] ==== post-slide.js =====
[2026-04-21 02:38:49] [INFO] [PPT PostToolUse Hook] 开始执行...
[2026-04-21 02:38:49] [INFO] [PPT PostToolUse Hook] CODEBUDDY_PLUGIN_ROOT: C:\Users\Administrator\.workbuddy\plugins\marketplaces\cb_teams_marketplace\plugins\ppt-implement
[2026-04-21 02:38:49] [INFO] [PPT PostToolUse Hook] CODEBUDDY_PROJECT_DIR: ${CODEBUDDY_PROJECT_DIR}
[2026-04-21 02:38:49] [DEBUG] [PPT PostToolUse Hook] stdin 数据: {"session_id":"0583cc879553483c8ff6fb37bb26540f","transcript_path":"C:\\Users\\Administrator\\AppData\\Local\\WorkBuddyExtension\\Data\\021ef063-d7f5-45fb-8a10-c686f5bfedb9\\VSCode\\021ef063-d7f5-45fb-8a10-c686f5bfedb9\\history\\5c48bef478c6be530e79aaa0554c76c7\\0583cc879553483c8ff6fb37bb26540f\\index.json","cwd":"C:\\Users\\Administrator\\AppData\\Local\\Programs\\WorkBuddy","hook_event_name":"PostToolUse","tool_name":"Edit","tool_input":{"filePath":"c:/Users/Administrator/WorkBuddy/20260418144300/cad_drawings/MIM_TAP_M2.5_螺纹型芯.dwg.py","old_str":"#"},"tool_response":{"type":"replace_in_file_result","path":"c:\\Users\\Administrator\\WorkBuddy\\20260418144300\\cad_drawings\\MIM_TAP_M2.5_螺纹型芯.dwg.py","addLineCount":0,"removedLines":2,"addedChars":0,"removedChars":48,"matchCount":1,"hint":"File content was modified, if you want to replace more next time, please use the read_file tool to read the file content first"},"generation_id":"e1733330aab04bfcbce64e05c9c50835","model":"auto","client":"VSCode","version":"4.10.1"}
[2026-04-21 02:38:50] [INFO] [PPT PostToolUse Hook] file_path: undefined
[2026-04-21 02:38:50] [INFO] [PPT PostToolUse Hook] file_path 无效，跳过
[2026-04-21 02:39:10] [INFO] ==== post-slide.js =====
[2026-04-21 02:39:10] [INFO] [PPT PostToolUse Hook] 开始执行...
[2026-04-21 02:39:10] [INFO] [PPT PostToolUse Hook] CODEBUDDY_PLUGIN_ROOT: C:\Users\Administrator\.workbuddy\plugins\marketplaces\cb_teams_marketplace\plugins\ppt-implement
[2026-04-21 02:39:10] [INFO] [PPT PostToolUse Hook] CODEBUDDY_PROJECT_DIR: ${CODEBUDDY_PROJECT_DIR}
[2026-04-21 02:39:10] [DEBUG] [PPT PostToolUse Hook] stdin 数据: {"session_id":"0583cc879553483c8ff6fb37bb26540f","transcript_path":"C:\\Users\\Administrator\\AppData\\Local\\WorkBuddyExtension\\Data\\021ef063-d7f5-45fb-8a10-c686f5bfedb9\\VSCode\\021ef063-d7f5-45fb-8a10-c686f5bfedb9\\history\\5c48bef478c6be530e79aaa0554c76c7\\0583cc879553483c8ff6fb37bb26540f\\index.json","cwd":"C:\\Users\\Administrator\\AppData\\Local\\Programs\\WorkBuddy","hook_event_name":"PostToolUse","tool_name":"TodoWrite","tool_input":{"merge":true,"todos":""},"tool_response":{"type":"todo_write_result","merge":true,"todos":[{"id":"1","status":"completed","content":"安装Python环境"},{"id":"2","status":"completed","content":"安装ezdxf库"},{"id":"3","status":"completed","content":"运行脚本生成DXF文件"},{"id":"4","status":"in_progress","content":"验证DXF文件并输出"}],"message":"Merged 4 todos with existing list"},"generation_id":"e1733330aab04bfcbce64e05c9c50835","model":"auto","client":"VSCode","version":"4.10.1"}
[2026-04-21 02:39:11] [INFO] [PPT PostToolUse Hook] file_path: undefined
[2026-04-21 02:39:11] [INFO] [PPT PostToolUse Hook] file_path 无效，跳过
[2026-04-21 02:39:22] [INFO] ==== post-slide.js =====
[2026-04-21 02:39:22] [INFO] [PPT PostToolUse Hook] 开始执行...
[2026-04-21 02:39:22] [INFO] [PPT PostToolUse Hook] CODEBUDDY_PLUGIN_ROOT: C:\Users\Administrator\.workbuddy\plugins\marketplaces\cb_teams_marketplace\plugins\ppt-implement
[2026-04-21 02:39:22] [INFO] [PPT PostToolUse Hook] CODEBUDDY_PROJECT_DIR: ${CODEBUDDY_PROJECT_DIR}
[2026-04-21 02:39:22] [DEBUG] [PPT PostToolUse Hook] stdin 数据: {"session_id":"0583cc879553483c8ff6fb37bb26540f","transcript_path":"C:\\Users\\Administrator\\AppData\\Local\\WorkBuddyExtension\\Data\\021ef063-d7f5-45fb-8a10-c686f5bfedb9\\VSCode\\021ef063-d7f5-45fb-8a10-c686f5bfedb9\\history\\5c48bef478c6be530e79aaa0554c76c7\\0583cc879553483c8ff6fb37bb26540f\\index.json","cwd":"C:\\Users\\Administrator\\AppData\\Local\\Programs\\WorkBuddy","hook_event_name":"PostToolUse","tool_name":"Edit","tool_input":{"filePath":"c:/Users/Administrator/WorkBuddy/20260418144300/.workbuddy/memory/2026-04-21.md","old_str":""},"tool_response":{"type":"replace_in_file_result","path":"c:\\Users\\Administrator\\WorkBuddy\\20260418144300\\.workbuddy\\memory\\2026-04-21.md","addLineCount":9,"removedLines":1,"addedChars":188,"removedChars":25,"matchCount":1,"hint":"File content was modified, if you want to replace more next time, please use the read_file tool to read the file content first"},"generation_id":"e1733330aab04bfcbce64e05c9c50835","model":"auto","client":"VSCode","version":"4.10.1"}
[2026-04-21 02:39:23] [INFO] [PPT PostToolUse Hook] file_path: undefined
[2026-04-21 02:39:23] [INFO] [PPT PostToolUse Hook] file_path 无效，跳过
[2026-04-21 02:39:29] [INFO] ==== post-slide.js =====
[2026-04-21 02:39:29] [INFO] [PPT PostToolUse Hook] 开始执行...
[2026-04-21 02:39:29] [INFO] [PPT PostToolUse Hook] CODEBUDDY_PLUGIN_ROOT: C:\Users\Administrator\.workbuddy\plugins\marketplaces\cb_teams_marketplace\plugins\ppt-implement
[2026-04-21 02:39:29] [INFO] [PPT PostToolUse Hook] CODEBUDDY_PROJECT_DIR: ${CODEBUDDY_PROJECT_DIR}
[2026-04-21 02:39:29] [DEBUG] [PPT PostToolUse Hook] stdin 数据: {"session_id":"0583cc879553483c8ff6fb37bb26540f","transcript_path":"C:\\Users\\Administrator\\AppData\\Local\\WorkBuddyExtension\\Data\\021ef063-d7f5-45fb-8a10-c686f5bfedb9\\VSCode\\021ef063-d7f5-45fb-8a10-c686f5bfedb9\\history\\5c48bef478c6be530e79aaa0554c76c7\\0583cc879553483c8ff6fb37bb26540f\\index.json","cwd":"C:\\Users\\Administrator\\AppData\\Local\\Programs\\WorkBuddy","hook_event_name":"PostToolUse","tool_name":"TodoWrite","tool_input":{"merge":true,"todos":""},"tool_response":{"type":"todo_write_result","merge":true,"todos":[{"id":"1","status":"completed","content":"安装Python环境"},{"id":"2","status":"completed","content":"安装ezdxf库"},{"id":"3","status":"completed","content":"运行脚本生成DXF文件"},{"id":"4","status":"completed","content":"验证DXF文件并输出"}],"message":"Merged 4 todos with existing list"},"generation_id":"e1733330aab04bfcbce64e05c9c50835","model":"auto","client":"VSCode","version":"4.10.1"}
[2026-04-21 02:39:30] [INFO] [PPT PostToolUse Hook] file_path: undefined
[2026-04-21 02:39:30] [INFO] [PPT PostToolUse Hook] file_path 无效，跳过
[2026-04-21 02:46:26] [INFO] ==== post-slide.js =====
[2026-04-21 02:46:26] [INFO] [PPT PostToolUse Hook] 开始执行...
[2026-04-21 02:46:26] [INFO] [PPT PostToolUse Hook] CODEBUDDY_PLUGIN_ROOT: C:\Users\Administrator\.workbuddy\plugins\marketplaces\cb_teams_marketplace\plugins\ppt-implement
[2026-04-21 02:46:26] [INFO] [PPT PostToolUse Hook] CODEBUDDY_PROJECT_DIR: ${CODEBUDDY_PROJECT_DIR}
[2026-04-21 02:46:26] [DEBUG] [PPT PostToolUse Hook] stdin 数据: {"session_id":"0583cc879553483c8ff6fb37bb26540f","transcript_path":"C:\\Users\\Administrator\\AppData\\Local\\WorkBuddyExtension\\Data\\021ef063-d7f5-45fb-8a10-c686f5bfedb9\\VSCode\\021ef063-d7f5-45fb-8a10-c686f5bfedb9\\history\\5c48bef478c6be530e79aaa0554c76c7\\0583cc879553483c8ff6fb37bb26540f\\index.json","cwd":"C:\\Users\\Administrator\\AppData\\Local\\Programs\\WorkBuddy","hook_event_name":"PostToolUse","tool_name":"TodoWrite","tool_input":{"merge":false,"todos":""},"tool_response":{"type":"todo_write_result","merge":false,"todos":[{"id":"1","status":"in_progress","content":"整理项目文件结构"},{"id":"2","status":"pending","content":"更新记忆文件"}],"message":"Created new todo list with 2 items"},"generation_id":"97e7cfd9be7543509e8fe44013154ae9","model":"auto","client":"VSCode","version":"4.10.1"}
[2026-04-21 02:46:27] [INFO] [PPT PostToolUse Hook] file_path: undefined
[2026-04-21 02:46:27] [INFO] [PPT PostToolUse Hook] file_path 无效，跳过
[2026-04-21 02:47:43] [INFO] ==== post-slide.js =====
[2026-04-21 02:47:43] [INFO] [PPT PostToolUse Hook] 开始执行...
[2026-04-21 02:47:43] [INFO] [PPT PostToolUse Hook] CODEBUDDY_PLUGIN_ROOT: C:\Users\Administrator\.workbuddy\plugins\marketplaces\cb_teams_marketplace\plugins\ppt-implement
[2026-04-21 02:47:43] [INFO] [PPT PostToolUse Hook] CODEBUDDY_PROJECT_DIR: ${CODEBUDDY_PROJECT_DIR}
[2026-04-21 02:47:43] [DEBUG] [PPT PostToolUse Hook] stdin 数据: {"session_id":"0583cc879553483c8ff6fb37bb26540f","transcript_path":"C:\\Users\\Administrator\\AppData\\Local\\WorkBuddyExtension\\Data\\021ef063-d7f5-45fb-8a10-c686f5bfedb9\\VSCode\\021ef063-d7f5-45fb-8a10-c686f5bfedb9\\history\\5c48bef478c6be530e79aaa0554c76c7\\0583cc879553483c8ff6fb37bb26540f\\index.json","cwd":"C:\\Users\\Administrator\\AppData\\Local\\Programs\\WorkBuddy","hook_event_name":"PostToolUse","tool_name":"Write","tool_input":{"filePath":"c:/Users/Administrator/WorkBuddy/20260418144300/项目文件清单.md","content":"#"},"tool_response":{"type":"write_to_file_result","path":"c:/Users/Administrator/WorkBuddy/20260418144300/项目文件清单.md","oldContent":"","addLineCount":111,"removedLines":0,"bytesWritten":2523,"addedChars":1572,"removedChars":0,"isNewFile":true},"generation_id":"97e7cfd9be7543509e8fe44013154ae9","model":"auto","client":"VSCode","version":"4.10.1"}
[2026-04-21 02:47:44] [INFO] [PPT PostToolUse Hook] file_path: undefined
[2026-04-21 02:47:44] [INFO] [PPT PostToolUse Hook] file_path 无效，跳过
[2026-04-21 02:47:48] [INFO] ==== post-slide.js =====
[2026-04-21 02:47:48] [INFO] [PPT PostToolUse Hook] 开始执行...
[2026-04-21 02:47:48] [INFO] [PPT PostToolUse Hook] CODEBUDDY_PLUGIN_ROOT: C:\Users\Administrator\.workbuddy\plugins\marketplaces\cb_teams_marketplace\plugins\ppt-implement
[2026-04-21 02:47:48] [INFO] [PPT PostToolUse Hook] CODEBUDDY_PROJECT_DIR: ${CODEBUDDY_PROJECT_DIR}
[2026-04-21 02:47:48] [DEBUG] [PPT PostToolUse Hook] stdin 数据: {"session_id":"0583cc879553483c8ff6fb37bb26540f","transcript_path":"C:\\Users\\Administrator\\AppData\\Local\\WorkBuddyExtension\\Data\\021ef063-d7f5-45fb-8a10-c686f5bfedb9\\VSCode\\021ef063-d7f5-45fb-8a10-c686f5bfedb9\\history\\5c48bef478c6be530e79aaa0554c76c7\\0583cc879553483c8ff6fb37bb26540f\\index.json","cwd":"C:\\Users\\Administrator\\AppData\\Local\\Programs\\WorkBuddy","hook_event_name":"PostToolUse","tool_name":"TodoWrite","tool_input":{"merge":true,"todos":""},"tool_response":{"type":"todo_write_result","merge":true,"todos":[{"id":"1","status":"completed","content":"整理项目文件结构"},{"id":"2","status":"in_progress","content":"更新记忆文件"}],"message":"Merged 2 todos with existing list"},"generation_id":"97e7cfd9be7543509e8fe44013154ae9","model":"auto","client":"VSCode","version":"4.10.1"}
[2026-04-21 02:47:49] [INFO] [PPT PostToolUse Hook] file_path: undefined
[2026-04-21 02:47:49] [INFO] [PPT PostToolUse Hook] file_path 无效，跳过
[2026-04-21 02:47:58] [INFO] ==== post-slide.js =====
[2026-04-21 02:47:58] [INFO] [PPT PostToolUse Hook] 开始执行...
[2026-04-21 02:47:58] [INFO] [PPT PostToolUse Hook] CODEBUDDY_PLUGIN_ROOT: C:\Users\Administrator\.workbuddy\plugins\marketplaces\cb_teams_marketplace\plugins\ppt-implement
[2026-04-21 02:47:58] [INFO] [PPT PostToolUse Hook] CODEBUDDY_PROJECT_DIR: ${CODEBUDDY_PROJECT_DIR}
[2026-04-21 02:47:58] [DEBUG] [PPT PostToolUse Hook] stdin 数据: {"session_id":"0583cc879553483c8ff6fb37bb26540f","transcript_path":"C:\\Users\\Administrator\\AppData\\Local\\WorkBuddyExtension\\Data\\021ef063-d7f5-45fb-8a10-c686f5bfedb9\\VSCode\\021ef063-d7f5-45fb-8a10-c686f5bfedb9\\history\\5c48bef478c6be530e79aaa0554c76c7\\0583cc879553483c8ff6fb37bb26540f\\index.json","cwd":"C:\\Users\\Administrator\\AppData\\Local\\Programs\\WorkBuddy","hook_event_name":"PostToolUse","tool_name":"Edit","tool_input":{"filePath":"c:/Users/Administrator/WorkBuddy/20260418144300/.workbuddy/memory/2026-04-21.md","old_str":"###"},"tool_response":{"type":"replace_in_file_result","path":"c:\\Users\\Administrator\\WorkBuddy\\20260418144300\\.workbuddy\\memory\\2026-04-21.md","addLineCount":10,"removedLines":1,"addedChars":188,"removedChars":25,"matchCount":1,"hint":"File content was modified, if you want to replace more next time, please use the read_file tool to read the file content first"},"generation_id":"97e7cfd9be7543509e8fe44013154ae9","model":"auto","client":"VSCode","version":"4.10.1"}
[2026-04-21 02:47:59] [INFO] [PPT PostToolUse Hook] file_path: undefined
[2026-04-21 02:47:59] [INFO] [PPT PostToolUse Hook] file_path 无效，跳过
[2026-04-21 02:48:02] [INFO] ==== post-slide.js =====
[2026-04-21 02:48:02] [INFO] [PPT PostToolUse Hook] 开始执行...
[2026-04-21 02:48:02] [INFO] [PPT PostToolUse Hook] CODEBUDDY_PLUGIN_ROOT: C:\Users\Administrator\.workbuddy\plugins\marketplaces\cb_teams_marketplace\plugins\ppt-implement
[2026-04-21 02:48:02] [INFO] [PPT PostToolUse Hook] CODEBUDDY_PROJECT_DIR: ${CODEBUDDY_PROJECT_DIR}
[2026-04-21 02:48:02] [DEBUG] [PPT PostToolUse Hook] stdin 数据: {"session_id":"0583cc879553483c8ff6fb37bb26540f","transcript_path":"C:\\Users\\Administrator\\AppData\\Local\\WorkBuddyExtension\\Data\\021ef063-d7f5-45fb-8a10-c686f5bfedb9\\VSCode\\021ef063-d7f5-45fb-8a10-c686f5bfedb9\\history\\5c48bef478c6be530e79aaa0554c76c7\\0583cc879553483c8ff6fb37bb26540f\\index.json","cwd":"C:\\Users\\Administrator\\AppData\\Local\\Programs\\WorkBuddy","hook_event_name":"PostToolUse","tool_name":"TodoWrite","tool_input":{"merge":true,"todos":""},"tool_response":{"type":"todo_write_result","merge":true,"todos":[{"id":"1","status":"completed","content":"整理项目文件结构"},{"id":"2","status":"completed","content":"更新记忆文件"}],"message":"Merged 2 todos with existing list"},"generation_id":"97e7cfd9be7543509e8fe44013154ae9","model":"auto","client":"VSCode","version":"4.10.1"}
[2026-04-21 02:48:03] [INFO] [PPT PostToolUse Hook] file_path: undefined
[2026-04-21 02:48:03] [INFO] [PPT PostToolUse Hook] file_path 无效，跳过
[2026-04-21 03:01:52] [INFO] ==== post-slide.js =====
[2026-04-21 03:01:52] [INFO] [PPT PostToolUse Hook] 开始执行...
[2026-04-21 03:01:52] [INFO] [PPT PostToolUse Hook] CODEBUDDY_PLUGIN_ROOT: C:\Users\Administrator\.workbuddy\plugins\marketplaces\cb_teams_marketplace\plugins\ppt-implement
[2026-04-21 03:01:52] [INFO] [PPT PostToolUse Hook] CODEBUDDY_PROJECT_DIR: ${CODEBUDDY_PROJECT_DIR}
[2026-04-21 03:01:52] [DEBUG] [PPT PostToolUse Hook] stdin 数据: {"session_id":"0583cc879553483c8ff6fb37bb26540f","transcript_path":"C:\\Users\\Administrator\\AppData\\Local\\WorkBuddyExtension\\Data\\021ef063-d7f5-45fb-8a10-c686f5bfedb9\\VSCode\\021ef063-d7f5-45fb-8a10-c686f5bfedb9\\history\\5c48bef478c6be530e79aaa0554c76c7\\0583cc879553483c8ff6fb37bb26540f\\index.json","cwd":"C:\\Users\\Administrator\\AppData\\Local\\Programs\\WorkBuddy","hook_event_name":"PostToolUse","tool_name":"Write","tool_input":{"filePath":"c:/Users/Administrator/WorkBuddy/20260418144300/04_脚本文件/MIM_TAP_M2.5_螺纹型芯_v2.dwg.py","content":"#"},"tool_response":{"type":"write_to_file_result","path":"c:/Users/Administrator/WorkBuddy/20260418144300/04_脚本文件/MIM_TAP_M2.5_螺纹型芯_v2.dwg.py","oldContent":"","addLineCount":361,"removedLines":0,"bytesWritten":12047,"addedChars":11010,"removedChars":0,"isNewFile":true},"generation_id":"ae159c6cfba54e00b1b09304382add2c","model":"auto","client":"VSCode","version":"4.10.1"}
[2026-04-21 03:01:53] [INFO] [PPT PostToolUse Hook] file_path: undefined
[2026-04-21 03:01:53] [INFO] [PPT PostToolUse Hook] file_path 无效，跳过
[2026-04-21 03:04:42] [INFO] ==== post-slide.js =====
[2026-04-21 03:04:42] [INFO] [PPT PostToolUse Hook] 开始执行...
[2026-04-21 03:04:42] [INFO] [PPT PostToolUse Hook] CODEBUDDY_PLUGIN_ROOT: C:\Users\Administrator\.workbuddy\plugins\marketplaces\cb_teams_marketplace\plugins\ppt-implement
[2026-04-21 03:04:42] [INFO] [PPT PostToolUse Hook] CODEBUDDY_PROJECT_DIR: ${CODEBUDDY_PROJECT_DIR}
[2026-04-21 03:04:42] [DEBUG] [PPT PostToolUse Hook] stdin 数据: {"session_id":"0583cc879553483c8ff6fb37bb26540f","transcript_path":"C:\\Users\\Administrator\\AppData\\Local\\WorkBuddyExtension\\Data\\021ef063-d7f5-45fb-8a10-c686f5bfedb9\\VSCode\\021ef063-d7f5-45fb-8a10-c686f5bfedb9\\history\\5c48bef478c6be530e79aaa0554c76c7\\0583cc879553483c8ff6fb37bb26540f\\index.json","cwd":"C:\\Users\\Administrator\\AppData\\Local\\Programs\\WorkBuddy","hook_event_name":"PostToolUse","tool_name":"Write","tool_input":{"filePath":"c:/Users/Administrator/WorkBuddy/20260418144300/04_脚本文件/MIM_旋出机构装配图_v2.dwg.py","content":"#"},"tool_response":{"type":"write_to_file_result","path":"c:/Users/Administrator/WorkBuddy/20260418144300/04_脚本文件/MIM_旋出机构装配图_v2.dwg.py","oldContent":"","addLineCount":407,"removedLines":0,"bytesWritten":14454,"addedChars":13347,"removedChars":0,"isNewFile":true},"generation_id":"ae159c6cfba54e00b1b09304382add2c","model":"auto","client":"VSCode","version":"4.10.1"}
[2026-04-21 03:04:43] [INFO] [PPT PostToolUse Hook] file_path: undefined
[2026-04-21 03:04:43] [INFO] [PPT PostToolUse Hook] file_path 无效，跳过
[2026-04-21 03:05:50] [INFO] ==== post-slide.js =====
[2026-04-21 03:05:50] [INFO] [PPT PostToolUse Hook] 开始执行...
[2026-04-21 03:05:50] [INFO] [PPT PostToolUse Hook] CODEBUDDY_PLUGIN_ROOT: C:\Users\Administrator\.workbuddy\plugins\marketplaces\cb_teams_marketplace\plugins\ppt-implement
[2026-04-21 03:05:50] [INFO] [PPT PostToolUse Hook] CODEBUDDY_PROJECT_DIR: ${CODEBUDDY_PROJECT_DIR}
[2026-04-21 03:05:50] [DEBUG] [PPT PostToolUse Hook] stdin 数据: {"session_id":"0583cc879553483c8ff6fb37bb26540f","transcript_path":"C:\\Users\\Administrator\\AppData\\Local\\WorkBuddyExtension\\Data\\021ef063-d7f5-45fb-8a10-c686f5bfedb9\\VSCode\\021ef063-d7f5-45fb-8a10-c686f5bfedb9\\history\\5c48bef478c6be530e79aaa0554c76c7\\0583cc879553483c8ff6fb37bb26540f\\index.json","cwd":"C:\\Users\\Administrator\\AppData\\Local\\Programs\\WorkBuddy","hook_event_name":"PostToolUse","tool_name":"Edit","tool_input":{"filePath":"c:/Users/Administrator/WorkBuddy/20260418144300/项目文件清单.md","old_str":"##"},"tool_response":{"type":"replace_in_file_result","path":"c:\\Users\\Administrator\\WorkBuddy\\20260418144300\\项目文件清单.md","addLineCount":8,"removedLines":2,"addedChars":277,"removedChars":116,"matchCount":1,"hint":"File content was modified, if you want to replace more next time, please use the read_file tool to read the file content first"},"generation_id":"ae159c6cfba54e00b1b09304382add2c","model":"auto","client":"VSCode","version":"4.10.1"}
[2026-04-21 03:05:51] [INFO] [PPT PostToolUse Hook] file_path: undefined
[2026-04-21 03:05:51] [INFO] [PPT PostToolUse Hook] file_path 无效，跳过
[2026-04-21 03:06:05] [INFO] ==== post-slide.js =====
[2026-04-21 03:06:05] [INFO] [PPT PostToolUse Hook] 开始执行...
[2026-04-21 03:06:05] [INFO] [PPT PostToolUse Hook] CODEBUDDY_PLUGIN_ROOT: C:\Users\Administrator\.workbuddy\plugins\marketplaces\cb_teams_marketplace\plugins\ppt-implement
[2026-04-21 03:06:05] [INFO] [PPT PostToolUse Hook] CODEBUDDY_PROJECT_DIR: ${CODEBUDDY_PROJECT_DIR}
[2026-04-21 03:06:05] [DEBUG] [PPT PostToolUse Hook] stdin 数据: {"session_id":"0583cc879553483c8ff6fb37bb26540f","transcript_path":"C:\\Users\\Administrator\\AppData\\Local\\WorkBuddyExtension\\Data\\021ef063-d7f5-45fb-8a10-c686f5bfedb9\\VSCode\\021ef063-d7f5-45fb-8a10-c686f5bfedb9\\history\\5c48bef478c6be530e79aaa0554c76c7\\0583cc879553483c8ff6fb37bb26540f\\index.json","cwd":"C:\\Users\\Administrator\\AppData\\Local\\Programs\\WorkBuddy","hook_event_name":"PostToolUse","tool_name":"Edit","tool_input":{"filePath":"c:/Users/Administrator/WorkBuddy/20260418144300/项目文件清单.md","old_str":""},"tool_response":{"type":"replace_in_file_result","path":"c:\\Users\\Administrator\\WorkBuddy\\20260418144300\\项目文件清单.md","addLineCount":6,"removedLines":4,"addedChars":274,"removedChars":145,"matchCount":1,"hint":"File content was modified, if you want to replace more next time, please use the read_file tool to read the file content first"},"generation_id":"ae159c6cfba54e00b1b09304382add2c","model":"auto","client":"VSCode","version":"4.10.1"}
[2026-04-21 03:06:06] [INFO] [PPT PostToolUse Hook] file_path: undefined
[2026-04-21 03:06:06] [INFO] [PPT PostToolUse Hook] file_path 无效，跳过
[2026-04-21 03:06:14] [INFO] ==== post-slide.js =====
[2026-04-21 03:06:14] [INFO] [PPT PostToolUse Hook] 开始执行...
[2026-04-21 03:06:14] [INFO] [PPT PostToolUse Hook] CODEBUDDY_PLUGIN_ROOT: C:\Users\Administrator\.workbuddy\plugins\marketplaces\cb_teams_marketplace\plugins\ppt-implement
[2026-04-21 03:06:14] [INFO] [PPT PostToolUse Hook] CODEBUDDY_PROJECT_DIR: ${CODEBUDDY_PROJECT_DIR}
[2026-04-21 03:06:14] [DEBUG] [PPT PostToolUse Hook] stdin 数据: {"session_id":"0583cc879553483c8ff6fb37bb26540f","transcript_path":"C:\\Users\\Administrator\\AppData\\Local\\WorkBuddyExtension\\Data\\021ef063-d7f5-45fb-8a10-c686f5bfedb9\\VSCode\\021ef063-d7f5-45fb-8a10-c686f5bfedb9\\history\\5c48bef478c6be530e79aaa0554c76c7\\0583cc879553483c8ff6fb37bb26540f\\index.json","cwd":"C:\\Users\\Administrator\\AppData\\Local\\Programs\\WorkBuddy","hook_event_name":"PostToolUse","tool_name":"Edit","tool_input":{"filePath":"c:/Users/Administrator/WorkBuddy/20260418144300/项目文件清单.md","old_str":"|"},"tool_response":{"type":"replace_in_file_result","path":"c:\\Users\\Administrator\\WorkBuddy\\20260418144300\\项目文件清单.md","addLineCount":2,"removedLines":2,"addedChars":39,"removedChars":38,"matchCount":1,"hint":"File content was modified, if you want to replace more next time, please use the read_file tool to read the file content first"},"generation_id":"ae159c6cfba54e00b1b09304382add2c","model":"auto","client":"VSCode","version":"4.10.1"}
[2026-04-21 03:06:15] [INFO] [PPT PostToolUse Hook] file_path: undefined
[2026-04-21 03:06:15] [INFO] [PPT PostToolUse Hook] file_path 无效，跳过
[2026-04-21 03:06:36] [INFO] ==== post-slide.js =====
[2026-04-21 03:06:36] [INFO] [PPT PostToolUse Hook] 开始执行...
[2026-04-21 03:06:36] [INFO] [PPT PostToolUse Hook] CODEBUDDY_PLUGIN_ROOT: C:\Users\Administrator\.workbuddy\plugins\marketplaces\cb_teams_marketplace\plugins\ppt-implement
[2026-04-21 03:06:36] [INFO] [PPT PostToolUse Hook] CODEBUDDY_PROJECT_DIR: ${CODEBUDDY_PROJECT_DIR}
[2026-04-21 03:06:36] [DEBUG] [PPT PostToolUse Hook] stdin 数据: {"session_id":"0583cc879553483c8ff6fb37bb26540f","transcript_path":"C:\\Users\\Administrator\\AppData\\Local\\WorkBuddyExtension\\Data\\021ef063-d7f5-45fb-8a10-c686f5bfedb9\\VSCode\\021ef063-d7f5-45fb-8a10-c686f5bfedb9\\history\\5c48bef478c6be530e79aaa0554c76c7\\0583cc879553483c8ff6fb37bb26540f\\index.json","cwd":"C:\\Users\\Administrator\\AppData\\Local\\Programs\\WorkBuddy","hook_event_name":"PostToolUse","tool_name":"Edit","tool_input":{"filePath":"c:/Users/Administrator/WorkBuddy/20260418144300/.workbuddy/memory/2026-04-21.md","old_str":""},"tool_response":{"type":"replace_in_file_result","path":"c:\\Users\\Administrator\\WorkBuddy\\20260418144300\\.workbuddy\\memory\\2026-04-21.md","addLineCount":13,"removedLines":1,"addedChars":395,"removedChars":25,"matchCount":1,"hint":"File content was modified, if you want to replace more next time, please use the read_file tool to read the file content first"},"generation_id":"ae159c6cfba54e00b1b09304382add2c","model":"auto","client":"VSCode","version":"4.10.1"}
[2026-04-21 03:06:37] [INFO] [PPT PostToolUse Hook] file_path: undefined
[2026-04-21 03:06:37] [INFO] [PPT PostToolUse Hook] file_path 无效，跳过
