[    2515ms] [WARNING] Message cannot found: SuiteAdmin_UserDetailInfo_PH_EnterExtenNum @ https://sf3-scmcdn-cn.feishucdn.com/obj/feishu-static/ee/suite/admin/static/js/2444.0d83f69500.js:0
[    2515ms] [WARNING] Message cannot found: SuiteAdmin_Region_Description_ToModifyGoToMultiGeo @ https://sf3-scmcdn-cn.feishucdn.com/obj/feishu-static/ee/suite/admin/static/js/2444.0d83f69500.js:0
[    2518ms] [WARNING] Message cannot found: SuiteAdmin_UserDetailInfo_PH_EnterExtenNum @ https://sf3-scmcdn-cn.feishucdn.com/obj/feishu-static/ee/suite/admin/static/js/2444.0d83f69500.js:0
[    2631ms] [WARNING] Message cannot found: undefined @ https://sf3-scmcdn-cn.feishucdn.com/obj/feishu-static/ee/suite/admin/static/js/2444.0d83f69500.js:0
[    2786ms] [WARNING] [ Federation Runtime ]: Version 16.8.6 from @lark-admin/base of shared singleton module react does not satisfy the requirement of @lark-admin-dynamic-components/charge which needs ^16.14.0) @ https://sf3-scmcdn-cn.feishucdn.com/obj/feishu-static/lark-admin-fe/admin-dynamic-components/vmok-remote-entry.62d80abf.js:0
[    2786ms] [WARNING] [ Federation Runtime ]: Version 6.9.4 from @lark-admin/base of shared singleton module qs does not satisfy the requirement of @lark-admin-dynamic-components/charge which needs ^6.10.3) @ https://sf3-scmcdn-cn.feishucdn.com/obj/feishu-static/lark-admin-fe/admin-dynamic-components/vmok-remote-entry.62d80abf.js:0
[    2786ms] [WARNING] [ Federation Runtime ]: Version 2.2.6 from @lark-admin/base of shared singleton module classnames does not satisfy the requirement of @lark-admin-dynamic-components/charge which needs ^2.3.1) @ https://sf3-scmcdn-cn.feishucdn.com/obj/feishu-static/lark-admin-fe/admin-dynamic-components/vmok-remote-entry.62d80abf.js:0
[    2786ms] [WARNING] [ Federation Runtime ]: Version 5.0.1 from @lark-admin/base of shared singleton module styled-components does not satisfy the requirement of @lark-admin-dynamic-components/charge which needs ^5.3.6) @ https://sf3-scmcdn-cn.feishucdn.com/obj/feishu-static/lark-admin-fe/admin-dynamic-components/vmok-remote-entry.62d80abf.js:0
[    2786ms] [WARNING] [ Federation Runtime ]: Version 5.1.2 from @lark-admin/base of shared singleton module react-router-dom does not satisfy the requirement of @lark-admin-dynamic-components/charge which needs ^5.2.0) @ https://sf3-scmcdn-cn.feishucdn.com/obj/feishu-static/lark-admin-fe/admin-dynamic-components/vmok-remote-entry.62d80abf.js:0
[    2786ms] [WARNING] [ Federation Runtime ]: Version 2.17.0 from @lark-admin/base of shared singleton module @universe-design/react does not satisfy the requirement of @lark-admin-dynamic-components/charge which needs ^2.25.7) @ https://sf3-scmcdn-cn.feishucdn.com/obj/feishu-static/lark-admin-fe/admin-dynamic-components/vmok-remote-entry.62d80abf.js:0
[    2791ms] [WARNING] Message cannot found: undefined @ https://sf3-scmcdn-cn.feishucdn.com/obj/feishu-static/ee/suite/admin/static/js/2444.0d83f69500.js:0
[    2798ms] [WARNING] Message cannot found: undefined @ https://sf3-scmcdn-cn.feishucdn.com/obj/feishu-static/ee/suite/admin/static/js/2444.0d83f69500.js:0
[    2872ms] [WARNING] [ Federation Runtime ]: Version 2.17.0 from @lark-admin/base of shared singleton module @universe-design/react does not satisfy the requirement of @lark-admin/blocks which needs ^2.25.7) @ https://sf3-scmcdn-cn.feishucdn.com/obj/feishu-static/lark-admin-fe/admin-blocks/vmok-remote-entry.7ffcec3d.js:0
[    2872ms] [WARNING] [ Federation Runtime ]: Version 8.33.0 from @lark-admin/base of shared singleton module @universe-design/styles does not satisfy the requirement of @lark-admin/blocks which needs ^8.54.0) @ https://sf3-scmcdn-cn.feishucdn.com/obj/feishu-static/lark-admin-fe/admin-blocks/vmok-remote-entry.7ffcec3d.js:0
[    2872ms] [WARNING] [ Federation Runtime ]: Version 2.2.6 from @lark-admin/base of shared singleton module classnames does not satisfy the requirement of @lark-admin/blocks which needs ^2.3.1) @ https://sf3-scmcdn-cn.feishucdn.com/obj/feishu-static/lark-admin-fe/admin-blocks/vmok-remote-entry.7ffcec3d.js:0
[    2872ms] [WARNING] [ Federation Runtime ]: Version 6.9.4 from @lark-admin/base of shared singleton module qs does not satisfy the requirement of @lark-admin/blocks which needs ^6.10.3) @ https://sf3-scmcdn-cn.feishucdn.com/obj/feishu-static/lark-admin-fe/admin-blocks/vmok-remote-entry.7ffcec3d.js:0
[    2872ms] [WARNING] [ Federation Runtime ]: Version 16.8.6 from @lark-admin/base of shared singleton module react-dom does not satisfy the requirement of @lark-admin/blocks which needs ^16.14.0) @ https://sf3-scmcdn-cn.feishucdn.com/obj/feishu-static/lark-admin-fe/admin-blocks/vmok-remote-entry.7ffcec3d.js:0
[    2872ms] [WARNING] [ Federation Runtime ]: Version 5.1.2 from @lark-admin/base of shared singleton module react-router-dom does not satisfy the requirement of @lark-admin/blocks which needs ^5.2.0) @ https://sf3-scmcdn-cn.feishucdn.com/obj/feishu-static/lark-admin-fe/admin-blocks/vmok-remote-entry.7ffcec3d.js:0
[    2872ms] [WARNING] [ Federation Runtime ]: Version 16.8.6 from @lark-admin/base of shared singleton module react does not satisfy the requirement of @lark-admin/blocks which needs ^16.14.0) @ https://sf3-scmcdn-cn.feishucdn.com/obj/feishu-static/lark-admin-fe/admin-blocks/vmok-remote-entry.7ffcec3d.js:0
[    2872ms] [WARNING] [ Federation Runtime ]: Version 5.0.1 from @lark-admin/base of shared singleton module styled-components does not satisfy the requirement of @lark-admin/blocks which needs ^5.3.6) @ https://sf3-scmcdn-cn.feishucdn.com/obj/feishu-static/lark-admin-fe/admin-blocks/vmok-remote-entry.7ffcec3d.js:0
[    2874ms] [WARNING] [ Federation Runtime ]: Version 16.8.6 from @lark-admin/base of shared singleton module react does not satisfy the requirement of @lark-admin/blocks which needs ^16.14.0) @ https://sf3-scmcdn-cn.feishucdn.com/obj/feishu-static/lark-admin-fe/admin-blocks/vmok-remote-entry.7ffcec3d.js:0
[    2874ms] [WARNING] [ Federation Runtime ]: Version 6.9.4 from @lark-admin/base of shared singleton module qs does not satisfy the requirement of @lark-admin/blocks which needs ^6.10.3) @ https://sf3-scmcdn-cn.feishucdn.com/obj/feishu-static/lark-admin-fe/admin-blocks/vmok-remote-entry.7ffcec3d.js:0
[    6018ms] [ERROR] Failed to load resource: the server responded with a status of 530 () @ https://s16-imfile-sg.feishucdn.com/static-resource/v1/v3_00fs_a73b7ac3-4bba-4553-8c89-9a647ad3a0hu~?image_size=noop&cut_type=&quality=&format=image&sticker_format=.webp:0
